# JRE version: OpenJDK Runtime Environment Microsoft-11933218 (21.0.8+9) (build 21.0.8+9-LTS)
# Java VM: OpenJDK 64-Bit Server VM Microsoft-11933218 (21.0.8+9-LTS, mixed mode, sharing, tiered, compressed oops, compressed class ptrs, g1 gc, windows-amd64)
GC Precious Log:
 CardTable entry size: 512
 Card Set container configuration: InlinePtr #cards 5 size 8 Array Of Cards #cards 12 size 40 Howl #buckets 4 coarsen threshold 1843 Howl Bitmap #cards 512 size 80 coarsen threshold 460 Card regions per heap region 1 cards per card region 2048
 CPUs: 8 total, 8 available
 Memory: 7103M
 Large Page Support: Disabled
 NUMA Support: Disabled
 Compressed Oops: Enabled (32-bit)
 Heap Region Size: 1M
 Heap Min Capacity: 128M
 Heap Initial Capacity: 128M
 Heap Max Capacity: 384M
 Pre-touch: Disabled
 Parallel Workers: 8
 Concurrent Workers: 2
 Concurrent Refinement Workers: 8
 Periodic GC: Disabled
Heap:
 garbage-first heap   total 132096K, used 111719K [0x00000000e8000000, 0x0000000100000000)
  region size 1024K, 36 young (36864K), 5 survivors (5120K)
 Metaspace       used 70220K, committed 72512K, reserved 229376K
  class space    used 10074K, committed 11200K, reserved 163840K
GC Heap History (20 events):
Event: 12.627 GC heap before
{Heap before GC invocations=7 (full 0):
 garbage-first heap   total 131072K, used 32101K [0x00000000e8000000, 0x0000000100000000)
  region size 1024K, 9 young (9216K), 7 survivors (7168K)
 Metaspace       used 34964K, committed 36288K, reserved 229376K
  class space    used 4984K, committed 5632K, reserved 163840K
}
Event: 12.634 GC heap after
{Heap after GC invocations=8 (full 0):
 garbage-first heap   total 131072K, used 31735K [0x00000000e8000000, 0x0000000100000000)
  region size 1024K, 4 young (4096K), 4 survivors (4096K)
 Metaspace       used 34964K, committed 36288K, reserved 229376K
  class space    used 4984K, committed 5632K, reserved 163840K
}
Event: 15.678 GC heap before
{Heap before GC invocations=9 (full 0):
 garbage-first heap   total 131072K, used 101367K [0x00000000e8000000, 0x0000000100000000)
  region size 1024K, 72 young (73728K), 4 survivors (4096K)
 Metaspace       used 43065K, committed 44864K, reserved 229376K
  class space    used 6358K, committed 7232K, reserved 163840K
}
Event: 15.698 GC heap after
{Heap after GC invocations=10 (full 0):
 garbage-first heap   total 131072K, used 36122K [0x00000000e8000000, 0x0000000100000000)
  region size 1024K, 8 young (8192K), 8 survivors (8192K)
 Metaspace       used 43065K, committed 44864K, reserved 229376K
  class space    used 6358K, committed 7232K, reserved 163840K
}
Event: 20.542 GC heap before
{Heap before GC invocations=10 (full 0):
 garbage-first heap   total 131072K, used 105754K [0x00000000e8000000, 0x0000000100000000)
  region size 1024K, 76 young (77824K), 8 survivors (8192K)
 Metaspace       used 54408K, committed 56256K, reserved 229376K
  class space    used 7885K, committed 8768K, reserved 163840K
}
Event: 20.555 GC heap after
{Heap after GC invocations=11 (full 0):
 garbage-first heap   total 131072K, used 41690K [0x00000000e8000000, 0x0000000100000000)
  region size 1024K, 10 young (10240K), 10 survivors (10240K)
 Metaspace       used 54408K, committed 56256K, reserved 229376K
  class space    used 7885K, committed 8768K, reserved 163840K
}
Event: 23.478 GC heap before
{Heap before GC invocations=11 (full 0):
 garbage-first heap   total 131072K, used 95962K [0x00000000e8000000, 0x0000000100000000)
  region size 1024K, 64 young (65536K), 10 survivors (10240K)
 Metaspace       used 58714K, committed 60736K, reserved 229376K
  class space    used 8572K, committed 9600K, reserved 163840K
}
Event: 23.506 GC heap after
{Heap after GC invocations=12 (full 0):
 garbage-first heap   total 131072K, used 46916K [0x00000000e8000000, 0x0000000100000000)
  region size 1024K, 6 young (6144K), 6 survivors (6144K)
 Metaspace       used 58714K, committed 60736K, reserved 229376K
  class space    used 8572K, committed 9600K, reserved 163840K
}
Event: 27.193 GC heap before
{Heap before GC invocations=13 (full 0):
 garbage-first heap   total 131072K, used 110404K [0x00000000e8000000, 0x0000000100000000)
  region size 1024K, 68 young (69632K), 6 survivors (6144K)
 Metaspace       used 63488K, committed 65600K, reserved 229376K
  class space    used 9220K, committed 10240K, reserved 163840K
}
Event: 27.206 GC heap after
{Heap after GC invocations=14 (full 0):
 garbage-first heap   total 131072K, used 53841K [0x00000000e8000000, 0x0000000100000000)
  region size 1024K, 9 young (9216K), 9 survivors (9216K)
 Metaspace       used 63488K, committed 65600K, reserved 229376K
  class space    used 9220K, committed 10240K, reserved 163840K
}
Event: 30.272 GC heap before
{Heap before GC invocations=14 (full 0):
 garbage-first heap   total 131072K, used 112209K [0x00000000e8000000, 0x0000000100000000)
  region size 1024K, 66 young (67584K), 9 survivors (9216K)
 Metaspace       used 65198K, committed 67328K, reserved 229376K
  class space    used 9339K, committed 10368K, reserved 163840K
}
Event: 30.291 GC heap after
{Heap after GC invocations=15 (full 0):
 garbage-first heap   total 132096K, used 63017K [0x00000000e8000000, 0x0000000100000000)
  region size 1024K, 9 young (9216K), 9 survivors (9216K)
 Metaspace       used 65198K, committed 67328K, reserved 229376K
  class space    used 9339K, committed 10368K, reserved 163840K
}
Event: 31.992 GC heap before
{Heap before GC invocations=15 (full 0):
 garbage-first heap   total 132096K, used 112169K [0x00000000e8000000, 0x0000000100000000)
  region size 1024K, 58 young (59392K), 9 survivors (9216K)
 Metaspace       used 65921K, committed 68096K, reserved 229376K
  class space    used 9385K, committed 10432K, reserved 163840K
}
Event: 32.003 GC heap after
{Heap after GC invocations=16 (full 0):
 garbage-first heap   total 132096K, used 66820K [0x00000000e8000000, 0x0000000100000000)
  region size 1024K, 5 young (5120K), 5 survivors (5120K)
 Metaspace       used 65921K, committed 68096K, reserved 229376K
  class space    used 9385K, committed 10432K, reserved 163840K
}
Event: 32.811 GC heap before
{Heap before GC invocations=16 (full 0):
 garbage-first heap   total 132096K, used 114948K [0x00000000e8000000, 0x0000000100000000)
  region size 1024K, 52 young (53248K), 5 survivors (5120K)
 Metaspace       used 66198K, committed 68416K, reserved 229376K
  class space    used 9397K, committed 10496K, reserved 163840K
}
Event: 32.821 GC heap after
{Heap after GC invocations=17 (full 0):
 garbage-first heap   total 132096K, used 72926K [0x00000000e8000000, 0x0000000100000000)
  region size 1024K, 6 young (6144K), 6 survivors (6144K)
 Metaspace       used 66198K, committed 68416K, reserved 229376K
  class space    used 9397K, committed 10496K, reserved 163840K
}
Event: 33.503 GC heap before
{Heap before GC invocations=18 (full 0):
 garbage-first heap   total 132096K, used 115934K [0x00000000e8000000, 0x0000000100000000)
  region size 1024K, 48 young (49152K), 6 survivors (6144K)
 Metaspace       used 66411K, committed 68672K, reserved 229376K
  class space    used 9405K, committed 10496K, reserved 163840K
}
Event: 33.512 GC heap after
{Heap after GC invocations=19 (full 0):
 garbage-first heap   total 132096K, used 79454K [0x00000000e8000000, 0x0000000100000000)
  region size 1024K, 6 young (6144K), 6 survivors (6144K)
 Metaspace       used 66411K, committed 68672K, reserved 229376K
  class space    used 9405K, committed 10496K, reserved 163840K
}
Event: 34.797 GC heap before
{Heap before GC invocations=19 (full 0):
 garbage-first heap   total 132096K, used 117342K [0x00000000e8000000, 0x0000000100000000)
  region size 1024K, 43 young (44032K), 6 survivors (6144K)
 Metaspace       used 68431K, committed 70720K, reserved 229376K
  class space    used 9776K, committed 10880K, reserved 163840K
}
Event: 34.807 GC heap after
{Heap after GC invocations=20 (full 0):
 garbage-first heap   total 132096K, used 82023K [0x00000000e8000000, 0x0000000100000000)
  region size 1024K, 5 young (5120K), 5 survivors (5120K)
 Metaspace       used 68431K, committed 70720K, reserved 229376K
  class space    used 9776K, committed 10880K, reserved 163840K
}

