# JRE version: OpenJDK Runtime Environment Microsoft-11933218 (21.0.8+9) (build 21.0.8+9-LTS)
# Java VM: OpenJDK 64-Bit Server VM Microsoft-11933218 (21.0.8+9-LTS, mixed mode, sharing, tiered, compressed oops, compressed class ptrs, g1 gc, windows-amd64)
GC Precious Log:
 CardTable entry size: 512
 Card Set container configuration: InlinePtr #cards 5 size 8 Array Of Cards #cards 12 size 40 Howl #buckets 4 coarsen threshold 1843 Howl Bitmap #cards 512 size 80 coarsen threshold 460 Card regions per heap region 1 cards per card region 2048
 CPUs: 8 total, 8 available
 Memory: 7103M
 Large Page Support: Disabled
 NUMA Support: Disabled
 Compressed Oops: Enabled (32-bit)
 Heap Region Size: 1M
 Heap Min Capacity: 128M
 Heap Initial Capacity: 128M
 Heap Max Capacity: 384M
 Pre-touch: Disabled
 Parallel Workers: 8
 Concurrent Workers: 2
 Concurrent Refinement Workers: 8
 Periodic GC: Disabled
Heap:
 garbage-first heap   total 131072K, used 64343K [0x00000000e8000000, 0x0000000100000000)
  region size 1024K, 12 young (12288K), 5 survivors (5120K)
 Metaspace       used 58727K, committed 60800K, reserved 229376K
  class space    used 8548K, committed 9536K, reserved 163840K
GC Heap History (20 events):
Event: 6.871 GC heap before
{Heap before GC invocations=2 (full 0):
 garbage-first heap   total 131072K, used 85383K [0x00000000e8000000, 0x0000000100000000)
  region size 1024K, 76 young (77824K), 5 survivors (5120K)
 Metaspace       used 10353K, committed 10688K, reserved 229376K
  class space    used 1368K, committed 1536K, reserved 163840K
}
Event: 6.896 GC heap after
{Heap after GC invocations=3 (full 0):
 garbage-first heap   total 131072K, used 20028K [0x00000000e8000000, 0x0000000100000000)
  region size 1024K, 10 young (10240K), 10 survivors (10240K)
 Metaspace       used 10353K, committed 10688K, reserved 229376K
  class space    used 1368K, committed 1536K, reserved 163840K
}
Event: 11.956 GC heap before
{Heap before GC invocations=3 (full 0):
 garbage-first heap   total 131072K, used 85564K [0x00000000e8000000, 0x0000000100000000)
  region size 1024K, 74 young (75776K), 10 survivors (10240K)
 Metaspace       used 20833K, committed 21504K, reserved 229376K
  class space    used 2840K, committed 3200K, reserved 163840K
}
Event: 11.976 GC heap after
{Heap after GC invocations=4 (full 0):
 garbage-first heap   total 131072K, used 24184K [0x00000000e8000000, 0x0000000100000000)
  region size 1024K, 4 young (4096K), 4 survivors (4096K)
 Metaspace       used 20833K, committed 21504K, reserved 229376K
  class space    used 2840K, committed 3200K, reserved 163840K
}
Event: 15.018 GC heap before
{Heap before GC invocations=5 (full 0):
 garbage-first heap   total 131072K, used 97912K [0x00000000e8000000, 0x0000000100000000)
  region size 1024K, 76 young (77824K), 4 survivors (4096K)
 Metaspace       used 30074K, committed 31232K, reserved 229376K
  class space    used 4371K, committed 4928K, reserved 163840K
}
Event: 15.030 GC heap after
{Heap after GC invocations=6 (full 0):
 garbage-first heap   total 131072K, used 27891K [0x00000000e8000000, 0x0000000100000000)
  region size 1024K, 8 young (8192K), 8 survivors (8192K)
 Metaspace       used 30074K, committed 31232K, reserved 229376K
  class space    used 4371K, committed 4928K, reserved 163840K
}
Event: 19.170 GC heap before
{Heap before GC invocations=6 (full 0):
 garbage-first heap   total 131072K, used 56563K [0x00000000e8000000, 0x0000000100000000)
  region size 1024K, 38 young (38912K), 8 survivors (8192K)
 Metaspace       used 34593K, committed 35968K, reserved 229376K
  class space    used 4934K, committed 5632K, reserved 163840K
}
Event: 19.188 GC heap after
{Heap after GC invocations=7 (full 0):
 garbage-first heap   total 131072K, used 30688K [0x00000000e8000000, 0x0000000100000000)
  region size 1024K, 7 young (7168K), 7 survivors (7168K)
 Metaspace       used 34593K, committed 35968K, reserved 229376K
  class space    used 4934K, committed 5632K, reserved 163840K
}
Event: 19.365 GC heap before
{Heap before GC invocations=7 (full 0):
 garbage-first heap   total 131072K, used 31712K [0x00000000e8000000, 0x0000000100000000)
  region size 1024K, 9 young (9216K), 7 survivors (7168K)
 Metaspace       used 34976K, committed 36288K, reserved 229376K
  class space    used 4971K, committed 5632K, reserved 163840K
}
Event: 19.378 GC heap after
{Heap after GC invocations=8 (full 0):
 garbage-first heap   total 131072K, used 31062K [0x00000000e8000000, 0x0000000100000000)
  region size 1024K, 3 young (3072K), 3 survivors (3072K)
 Metaspace       used 34976K, committed 36288K, reserved 229376K
  class space    used 4971K, committed 5632K, reserved 163840K
}
Event: 25.328 GC heap before
{Heap before GC invocations=9 (full 0):
 garbage-first heap   total 131072K, used 101718K [0x00000000e8000000, 0x0000000100000000)
  region size 1024K, 72 young (73728K), 3 survivors (3072K)
 Metaspace       used 43164K, committed 44992K, reserved 229376K
  class space    used 6359K, committed 7232K, reserved 163840K
}
Event: 25.341 GC heap after
{Heap after GC invocations=10 (full 0):
 garbage-first heap   total 131072K, used 35849K [0x00000000e8000000, 0x0000000100000000)
  region size 1024K, 8 young (8192K), 8 survivors (8192K)
 Metaspace       used 43164K, committed 44992K, reserved 229376K
  class space    used 6359K, committed 7232K, reserved 163840K
}
Event: 30.660 GC heap before
{Heap before GC invocations=10 (full 0):
 garbage-first heap   total 131072K, used 105481K [0x00000000e8000000, 0x0000000100000000)
  region size 1024K, 76 young (77824K), 8 survivors (8192K)
 Metaspace       used 49504K, committed 51456K, reserved 229376K
  class space    used 7331K, committed 8320K, reserved 163840K
}
Event: 30.676 GC heap after
{Heap after GC invocations=11 (full 0):
 garbage-first heap   total 131072K, used 40269K [0x00000000e8000000, 0x0000000100000000)
  region size 1024K, 10 young (10240K), 10 survivors (10240K)
 Metaspace       used 49504K, committed 51456K, reserved 229376K
  class space    used 7331K, committed 8320K, reserved 163840K
}
Event: 33.404 GC heap before
{Heap before GC invocations=11 (full 0):
 garbage-first heap   total 131072K, used 108877K [0x00000000e8000000, 0x0000000100000000)
  region size 1024K, 76 young (77824K), 10 survivors (10240K)
 Metaspace       used 54703K, committed 56768K, reserved 229376K
  class space    used 8114K, committed 9152K, reserved 163840K
}
Event: 33.424 GC heap after
{Heap after GC invocations=12 (full 0):
 garbage-first heap   total 131072K, used 46968K [0x00000000e8000000, 0x0000000100000000)
  region size 1024K, 10 young (10240K), 10 survivors (10240K)
 Metaspace       used 54703K, committed 56768K, reserved 229376K
  class space    used 8114K, committed 9152K, reserved 163840K
}
Event: 41.654 GC heap before
{Heap before GC invocations=12 (full 0):
 garbage-first heap   total 131072K, used 110456K [0x00000000e8000000, 0x0000000100000000)
  region size 1024K, 72 young (73728K), 10 survivors (10240K)
 Metaspace       used 58305K, committed 60352K, reserved 229376K
  class space    used 8513K, committed 9536K, reserved 163840K
}
Event: 41.674 GC heap after
{Heap after GC invocations=13 (full 0):
 garbage-first heap   total 131072K, used 53165K [0x00000000e8000000, 0x0000000100000000)
  region size 1024K, 6 young (6144K), 6 survivors (6144K)
 Metaspace       used 58305K, committed 60352K, reserved 229376K
  class space    used 8513K, committed 9536K, reserved 163840K
}
Event: 42.885 GC heap before
{Heap before GC invocations=13 (full 0):
 garbage-first heap   total 131072K, used 69549K [0x00000000e8000000, 0x0000000100000000)
  region size 1024K, 23 young (23552K), 6 survivors (6144K)
 Metaspace       used 58579K, committed 60608K, reserved 229376K
  class space    used 8529K, committed 9536K, reserved 163840K
}
Event: 42.899 GC heap after
{Heap after GC invocations=14 (full 0):
 garbage-first heap   total 131072K, used 58199K [0x00000000e8000000, 0x0000000100000000)
  region size 1024K, 5 young (5120K), 5 survivors (5120K)
 Metaspace       used 58579K, committed 60608K, reserved 229376K
  class space    used 8529K, committed 9536K, reserved 163840K
}

