# JRE version: Java(TM) SE Runtime Environment (17.0.8+9) (build 17.0.8+9-LTS-211)
# Java VM: Java HotSpot(TM) 64-Bit Server VM (17.0.8+9-LTS-211, mixed mode, emulated-client, sharing, tiered, compressed oops, compressed class ptrs, serial gc, windows-amd64)
GC Precious Log:
 CPUs: 8 total, 8 available
 Memory: 7103M
 Large Page Support: Disabled
 NUMA Support: Disabled
 Compressed Oops: Enabled (32-bit)
 Heap Min Capacity: 128M
 Heap Initial Capacity: 128M
 Heap Max Capacity: 384M
 Pre-touch: Disabled
Heap:
 def new generation   total 39488K, used 28569K [0x00000000e8000000, 0x00000000eaad0000, 0x00000000f0000000)
  eden space 35136K,  69% used [0x00000000e8000000, 0x00000000e97d8fb0, 0x00000000ea250000)
  from space 4352K,  95% used [0x00000000ea690000, 0x00000000eaa9d648, 0x00000000eaad0000)
  to   space 4352K,   0% used [0x00000000ea250000, 0x00000000ea250000, 0x00000000ea690000)
 tenured generation   total 87424K, used 46573K [0x00000000f0000000, 0x00000000f5560000, 0x0000000100000000)
   the space 87424K,  53% used [0x00000000f0000000, 0x00000000f2d7b600, 0x00000000f2d7b600, 0x00000000f5560000)
 Metaspace       used 104238K, committed 104960K, reserved 1179648K
  class space    used 15249K, committed 15616K, reserved 1048576K
GC Heap History (20 events):
Event: 16.104 GC heap before
{Heap before GC invocations=18 (full 3):
 def new generation   total 39424K, used 39424K [0x00000000e8000000, 0x00000000eaac0000, 0x00000000f0000000)
  eden space 35072K, 100% used [0x00000000e8000000, 0x00000000ea240000, 0x00000000ea240000)
  from space 4352K, 100% used [0x00000000ea680000, 0x00000000eaac0000, 0x00000000eaac0000)
  to   space 4352K,   0% used [0x00000000ea240000, 0x00000000ea240000, 0x00000000ea680000)
 tenured generation   total 87424K, used 37255K [0x00000000f0000000, 0x00000000f5560000, 0x0000000100000000)
   the space 87424K,  42% used [0x00000000f0000000, 0x00000000f2461de0, 0x00000000f2461e00, 0x00000000f5560000)
 Metaspace       used 76212K, committed 76864K, reserved 1179648K
  class space    used 11215K, committed 11520K, reserved 1048576K
}
Event: 16.117 GC heap after
{Heap after GC invocations=19 (full 3):
 def new generation   total 39424K, used 2984K [0x00000000e8000000, 0x00000000eaac0000, 0x00000000f0000000)
  eden space 35072K,   0% used [0x00000000e8000000, 0x00000000e8000000, 0x00000000ea240000)
  from space 4352K,  68% used [0x00000000ea240000, 0x00000000ea52a178, 0x00000000ea680000)
  to   space 4352K,   0% used [0x00000000ea680000, 0x00000000ea680000, 0x00000000eaac0000)
 tenured generation   total 87424K, used 38219K [0x00000000f0000000, 0x00000000f5560000, 0x0000000100000000)
   the space 87424K,  43% used [0x00000000f0000000, 0x00000000f2552f18, 0x00000000f2553000, 0x00000000f5560000)
 Metaspace       used 76212K, committed 76864K, reserved 1179648K
  class space    used 11215K, committed 11520K, reserved 1048576K
}
Event: 16.430 GC heap before
{Heap before GC invocations=19 (full 3):
 def new generation   total 39424K, used 38056K [0x00000000e8000000, 0x00000000eaac0000, 0x00000000f0000000)
  eden space 35072K, 100% used [0x00000000e8000000, 0x00000000ea240000, 0x00000000ea240000)
  from space 4352K,  68% used [0x00000000ea240000, 0x00000000ea52a178, 0x00000000ea680000)
  to   space 4352K,   0% used [0x00000000ea680000, 0x00000000ea680000, 0x00000000eaac0000)
 tenured generation   total 87424K, used 38219K [0x00000000f0000000, 0x00000000f5560000, 0x0000000100000000)
   the space 87424K,  43% used [0x00000000f0000000, 0x00000000f2552f18, 0x00000000f2553000, 0x00000000f5560000)
 Metaspace       used 78182K, committed 78848K, reserved 1179648K
  class space    used 11649K, committed 11968K, reserved 1048576K
}
Event: 16.438 GC heap after
{Heap after GC invocations=20 (full 3):
 def new generation   total 39424K, used 2354K [0x00000000e8000000, 0x00000000eaac0000, 0x00000000f0000000)
  eden space 35072K,   0% used [0x00000000e8000000, 0x00000000e8000000, 0x00000000ea240000)
  from space 4352K,  54% used [0x00000000ea680000, 0x00000000ea8cc830, 0x00000000eaac0000)
  to   space 4352K,   0% used [0x00000000ea240000, 0x00000000ea240000, 0x00000000ea680000)
 tenured generation   total 87424K, used 38635K [0x00000000f0000000, 0x00000000f5560000, 0x0000000100000000)
   the space 87424K,  44% used [0x00000000f0000000, 0x00000000f25bad98, 0x00000000f25bae00, 0x00000000f5560000)
 Metaspace       used 78182K, committed 78848K, reserved 1179648K
  class space    used 11649K, committed 11968K, reserved 1048576K
}
Event: 16.772 GC heap before
{Heap before GC invocations=20 (full 3):
 def new generation   total 39424K, used 37426K [0x00000000e8000000, 0x00000000eaac0000, 0x00000000f0000000)
  eden space 35072K, 100% used [0x00000000e8000000, 0x00000000ea240000, 0x00000000ea240000)
  from space 4352K,  54% used [0x00000000ea680000, 0x00000000ea8cc830, 0x00000000eaac0000)
  to   space 4352K,   0% used [0x00000000ea240000, 0x00000000ea240000, 0x00000000ea680000)
 tenured generation   total 87424K, used 38635K [0x00000000f0000000, 0x00000000f5560000, 0x0000000100000000)
   the space 87424K,  44% used [0x00000000f0000000, 0x00000000f25bad98, 0x00000000f25bae00, 0x00000000f5560000)
 Metaspace       used 80587K, committed 81280K, reserved 1179648K
  class space    used 12035K, committed 12352K, reserved 1048576K
}
Event: 16.778 GC heap after
{Heap after GC invocations=21 (full 3):
 def new generation   total 39424K, used 989K [0x00000000e8000000, 0x00000000eaac0000, 0x00000000f0000000)
  eden space 35072K,   0% used [0x00000000e8000000, 0x00000000e8000000, 0x00000000ea240000)
  from space 4352K,  22% used [0x00000000ea240000, 0x00000000ea337508, 0x00000000ea680000)
  to   space 4352K,   0% used [0x00000000ea680000, 0x00000000ea680000, 0x00000000eaac0000)
 tenured generation   total 87424K, used 40330K [0x00000000f0000000, 0x00000000f5560000, 0x0000000100000000)
   the space 87424K,  46% used [0x00000000f0000000, 0x00000000f27628d8, 0x00000000f2762a00, 0x00000000f5560000)
 Metaspace       used 80587K, committed 81280K, reserved 1179648K
  class space    used 12035K, committed 12352K, reserved 1048576K
}
Event: 17.221 GC heap before
{Heap before GC invocations=21 (full 3):
 def new generation   total 39424K, used 36061K [0x00000000e8000000, 0x00000000eaac0000, 0x00000000f0000000)
  eden space 35072K, 100% used [0x00000000e8000000, 0x00000000ea240000, 0x00000000ea240000)
  from space 4352K,  22% used [0x00000000ea240000, 0x00000000ea337508, 0x00000000ea680000)
  to   space 4352K,   0% used [0x00000000ea680000, 0x00000000ea680000, 0x00000000eaac0000)
 tenured generation   total 87424K, used 40330K [0x00000000f0000000, 0x00000000f5560000, 0x0000000100000000)
   the space 87424K,  46% used [0x00000000f0000000, 0x00000000f27628d8, 0x00000000f2762a00, 0x00000000f5560000)
 Metaspace       used 82536K, committed 83136K, reserved 1179648K
  class space    used 12259K, committed 12544K, reserved 1048576K
}
Event: 17.229 GC heap after
{Heap after GC invocations=22 (full 3):
 def new generation   total 39424K, used 1913K [0x00000000e8000000, 0x00000000eaac0000, 0x00000000f0000000)
  eden space 35072K,   0% used [0x00000000e8000000, 0x00000000e8000000, 0x00000000ea240000)
  from space 4352K,  43% used [0x00000000ea680000, 0x00000000ea85e668, 0x00000000eaac0000)
  to   space 4352K,   0% used [0x00000000ea240000, 0x00000000ea240000, 0x00000000ea680000)
 tenured generation   total 87424K, used 40330K [0x00000000f0000000, 0x00000000f5560000, 0x0000000100000000)
   the space 87424K,  46% used [0x00000000f0000000, 0x00000000f27628d8, 0x00000000f2762a00, 0x00000000f5560000)
 Metaspace       used 82536K, committed 83136K, reserved 1179648K
  class space    used 12259K, committed 12544K, reserved 1048576K
}
Event: 18.138 GC heap before
{Heap before GC invocations=22 (full 3):
 def new generation   total 39424K, used 36985K [0x00000000e8000000, 0x00000000eaac0000, 0x00000000f0000000)
  eden space 35072K, 100% used [0x00000000e8000000, 0x00000000ea240000, 0x00000000ea240000)
  from space 4352K,  43% used [0x00000000ea680000, 0x00000000ea85e668, 0x00000000eaac0000)
  to   space 4352K,   0% used [0x00000000ea240000, 0x00000000ea240000, 0x00000000ea680000)
 tenured generation   total 87424K, used 40330K [0x00000000f0000000, 0x00000000f5560000, 0x0000000100000000)
   the space 87424K,  46% used [0x00000000f0000000, 0x00000000f27628d8, 0x00000000f2762a00, 0x00000000f5560000)
 Metaspace       used 87741K, committed 88384K, reserved 1179648K
  class space    used 12932K, committed 13248K, reserved 1048576K
}
Event: 18.155 GC heap after
{Heap after GC invocations=23 (full 3):
 def new generation   total 39424K, used 4352K [0x00000000e8000000, 0x00000000eaac0000, 0x00000000f0000000)
  eden space 35072K,   0% used [0x00000000e8000000, 0x00000000e8000000, 0x00000000ea240000)
  from space 4352K, 100% used [0x00000000ea240000, 0x00000000ea680000, 0x00000000ea680000)
  to   space 4352K,   0% used [0x00000000ea680000, 0x00000000ea680000, 0x00000000eaac0000)
 tenured generation   total 87424K, used 40910K [0x00000000f0000000, 0x00000000f5560000, 0x0000000100000000)
   the space 87424K,  46% used [0x00000000f0000000, 0x00000000f27f3b00, 0x00000000f27f3c00, 0x00000000f5560000)
 Metaspace       used 87741K, committed 88384K, reserved 1179648K
  class space    used 12932K, committed 13248K, reserved 1048576K
}
Event: 19.061 GC heap before
{Heap before GC invocations=23 (full 3):
 def new generation   total 39424K, used 39424K [0x00000000e8000000, 0x00000000eaac0000, 0x00000000f0000000)
  eden space 35072K, 100% used [0x00000000e8000000, 0x00000000ea240000, 0x00000000ea240000)
  from space 4352K, 100% used [0x00000000ea240000, 0x00000000ea680000, 0x00000000ea680000)
  to   space 4352K,   0% used [0x00000000ea680000, 0x00000000ea680000, 0x00000000eaac0000)
 tenured generation   total 87424K, used 40910K [0x00000000f0000000, 0x00000000f5560000, 0x0000000100000000)
   the space 87424K,  46% used [0x00000000f0000000, 0x00000000f27f3b00, 0x00000000f27f3c00, 0x00000000f5560000)
 Metaspace       used 90937K, committed 91712K, reserved 1179648K
  class space    used 13289K, committed 13632K, reserved 1048576K
}
Event: 19.084 GC heap after
{Heap after GC invocations=24 (full 3):
 def new generation   total 39424K, used 1674K [0x00000000e8000000, 0x00000000eaac0000, 0x00000000f0000000)
  eden space 35072K,   0% used [0x00000000e8000000, 0x00000000e8000000, 0x00000000ea240000)
  from space 4352K,  38% used [0x00000000ea680000, 0x00000000ea822928, 0x00000000eaac0000)
  to   space 4352K,   0% used [0x00000000ea240000, 0x00000000ea240000, 0x00000000ea680000)
 tenured generation   total 87424K, used 45243K [0x00000000f0000000, 0x00000000f5560000, 0x0000000100000000)
   the space 87424K,  51% used [0x00000000f0000000, 0x00000000f2c2ef80, 0x00000000f2c2f000, 0x00000000f5560000)
 Metaspace       used 90937K, committed 91712K, reserved 1179648K
  class space    used 13289K, committed 13632K, reserved 1048576K
}
Event: 19.844 GC heap before
{Heap before GC invocations=24 (full 3):
 def new generation   total 39424K, used 36746K [0x00000000e8000000, 0x00000000eaac0000, 0x00000000f0000000)
  eden space 35072K, 100% used [0x00000000e8000000, 0x00000000ea240000, 0x00000000ea240000)
  from space 4352K,  38% used [0x00000000ea680000, 0x00000000ea822928, 0x00000000eaac0000)
  to   space 4352K,   0% used [0x00000000ea240000, 0x00000000ea240000, 0x00000000ea680000)
 tenured generation   total 87424K, used 45243K [0x00000000f0000000, 0x00000000f5560000, 0x0000000100000000)
   the space 87424K,  51% used [0x00000000f0000000, 0x00000000f2c2ef80, 0x00000000f2c2f000, 0x00000000f5560000)
 Metaspace       used 93042K, committed 93760K, reserved 1179648K
  class space    used 13619K, committed 13952K, reserved 1048576K
}
Event: 19.853 GC heap after
{Heap after GC invocations=25 (full 3):
 def new generation   total 39424K, used 3125K [0x00000000e8000000, 0x00000000eaac0000, 0x00000000f0000000)
  eden space 35072K,   0% used [0x00000000e8000000, 0x00000000e8000000, 0x00000000ea240000)
  from space 4352K,  71% used [0x00000000ea240000, 0x00000000ea54d720, 0x00000000ea680000)
  to   space 4352K,   0% used [0x00000000ea680000, 0x00000000ea680000, 0x00000000eaac0000)
 tenured generation   total 87424K, used 45243K [0x00000000f0000000, 0x00000000f5560000, 0x0000000100000000)
   the space 87424K,  51% used [0x00000000f0000000, 0x00000000f2c2ef80, 0x00000000f2c2f000, 0x00000000f5560000)
 Metaspace       used 93042K, committed 93760K, reserved 1179648K
  class space    used 13619K, committed 13952K, reserved 1048576K
}
Event: 20.589 GC heap before
{Heap before GC invocations=25 (full 3):
 def new generation   total 39424K, used 38197K [0x00000000e8000000, 0x00000000eaac0000, 0x00000000f0000000)
  eden space 35072K, 100% used [0x00000000e8000000, 0x00000000ea240000, 0x00000000ea240000)
  from space 4352K,  71% used [0x00000000ea240000, 0x00000000ea54d720, 0x00000000ea680000)
  to   space 4352K,   0% used [0x00000000ea680000, 0x00000000ea680000, 0x00000000eaac0000)
 tenured generation   total 87424K, used 45243K [0x00000000f0000000, 0x00000000f5560000, 0x0000000100000000)
   the space 87424K,  51% used [0x00000000f0000000, 0x00000000f2c2ef80, 0x00000000f2c2f000, 0x00000000f5560000)
 Metaspace       used 95670K, committed 96320K, reserved 1179648K
  class space    used 13974K, committed 14272K, reserved 1048576K
}
Event: 20.601 GC heap after
{Heap after GC invocations=26 (full 3):
 def new generation   total 39424K, used 3318K [0x00000000e8000000, 0x00000000eaac0000, 0x00000000f0000000)
  eden space 35072K,   0% used [0x00000000e8000000, 0x00000000e8000000, 0x00000000ea240000)
  from space 4352K,  76% used [0x00000000ea680000, 0x00000000ea9bda38, 0x00000000eaac0000)
  to   space 4352K,   0% used [0x00000000ea240000, 0x00000000ea240000, 0x00000000ea680000)
 tenured generation   total 87424K, used 46893K [0x00000000f0000000, 0x00000000f5560000, 0x0000000100000000)
   the space 87424K,  53% used [0x00000000f0000000, 0x00000000f2dcb5f0, 0x00000000f2dcb600, 0x00000000f5560000)
 Metaspace       used 95670K, committed 96320K, reserved 1179648K
  class space    used 13974K, committed 14272K, reserved 1048576K
}
Event: 21.346 GC heap before
{Heap before GC invocations=26 (full 3):
 def new generation   total 39424K, used 30963K [0x00000000e8000000, 0x00000000eaac0000, 0x00000000f0000000)
  eden space 35072K,  78% used [0x00000000e8000000, 0x00000000e9aff540, 0x00000000ea240000)
  from space 4352K,  76% used [0x00000000ea680000, 0x00000000ea9bda38, 0x00000000eaac0000)
  to   space 4352K,   0% used [0x00000000ea240000, 0x00000000ea240000, 0x00000000ea680000)
 tenured generation   total 87424K, used 46893K [0x00000000f0000000, 0x00000000f5560000, 0x0000000100000000)
   the space 87424K,  53% used [0x00000000f0000000, 0x00000000f2dcb5f0, 0x00000000f2dcb600, 0x00000000f5560000)
 Metaspace       used 98947K, committed 99648K, reserved 1179648K
  class space    used 14415K, committed 14784K, reserved 1048576K
}
Event: 21.518 GC heap after
{Heap after GC invocations=27 (full 4):
 def new generation   total 39488K, used 0K [0x00000000e8000000, 0x00000000eaad0000, 0x00000000f0000000)
  eden space 35136K,   0% used [0x00000000e8000000, 0x00000000e8000000, 0x00000000ea250000)
  from space 4352K,   0% used [0x00000000ea250000, 0x00000000ea250000, 0x00000000ea690000)
  to   space 4352K,   0% used [0x00000000ea690000, 0x00000000ea690000, 0x00000000eaad0000)
 tenured generation   total 87424K, used 46573K [0x00000000f0000000, 0x00000000f5560000, 0x0000000100000000)
   the space 87424K,  53% used [0x00000000f0000000, 0x00000000f2d7b600, 0x00000000f2d7b600, 0x00000000f5560000)
 Metaspace       used 98895K, committed 99648K, reserved 1179648K
  class space    used 14407K, committed 14784K, reserved 1048576K
}
Event: 25.910 GC heap before
{Heap before GC invocations=27 (full 4):
 def new generation   total 39488K, used 35136K [0x00000000e8000000, 0x00000000eaad0000, 0x00000000f0000000)
  eden space 35136K, 100% used [0x00000000e8000000, 0x00000000ea250000, 0x00000000ea250000)
  from space 4352K,   0% used [0x00000000ea250000, 0x00000000ea250000, 0x00000000ea690000)
  to   space 4352K,   0% used [0x00000000ea690000, 0x00000000ea690000, 0x00000000eaad0000)
 tenured generation   total 87424K, used 46573K [0x00000000f0000000, 0x00000000f5560000, 0x0000000100000000)
   the space 87424K,  53% used [0x00000000f0000000, 0x00000000f2d7b600, 0x00000000f2d7b600, 0x00000000f5560000)
 Metaspace       used 104130K, committed 104896K, reserved 1179648K
  class space    used 15230K, committed 15616K, reserved 1048576K
}
Event: 25.923 GC heap after
{Heap after GC invocations=28 (full 4):
 def new generation   total 39488K, used 4149K [0x00000000e8000000, 0x00000000eaad0000, 0x00000000f0000000)
  eden space 35136K,   0% used [0x00000000e8000000, 0x00000000e8000000, 0x00000000ea250000)
  from space 4352K,  95% used [0x00000000ea690000, 0x00000000eaa9d648, 0x00000000eaad0000)
  to   space 4352K,   0% used [0x00000000ea250000, 0x00000000ea250000, 0x00000000ea690000)
 tenured generation   total 87424K, used 46573K [0x00000000f0000000, 0x00000000f5560000, 0x0000000100000000)
   the space 87424K,  53% used [0x00000000f0000000, 0x00000000f2d7b600, 0x00000000f2d7b600, 0x00000000f5560000)
 Metaspace       used 104130K, committed 104896K, reserved 1179648K
  class space    used 15230K, committed 15616K, reserved 1048576K
}

