# JRE version: OpenJDK Runtime Environment Microsoft-11933218 (21.0.8+9) (build 21.0.8+9-LTS)
# Java VM: OpenJDK 64-Bit Server VM Microsoft-11933218 (21.0.8+9-LTS, mixed mode, sharing, tiered, compressed oops, compressed class ptrs, serial gc, windows-amd64)
GC Precious Log:
 CardTable entry size: 512
 CPUs: 8 total, 8 available
 Memory: 7103M
 Large Page Support: Disabled
 NUMA Support: Disabled
 Compressed Oops: Enabled (32-bit)
 Heap Min Capacity: 256M
 Heap Initial Capacity: 256M
 Heap Max Capacity: 1G
 Pre-touch: Disabled
Heap:
 def new generation   total 78656K, used 52456K [0x00000000c0000000, 0x00000000c5550000, 0x00000000d5550000)
  eden space 69952K,  65% used [0x00000000c0000000, 0x00000000c2cdab78, 0x00000000c4450000)
  from space 8704K,  74% used [0x00000000c4450000, 0x00000000c4aaf528, 0x00000000c4cd0000)
  to   space 8704K,   0% used [0x00000000c4cd0000, 0x00000000c4cd0000, 0x00000000c5550000)
 tenured generation   total 174784K, used 10269K [0x00000000d5550000, 0x00000000e0000000, 0x0000000100000000)
   the space 174784K,   5% used [0x00000000d5550000, 0x00000000d5f57448, 0x00000000d5f57600, 0x00000000e0000000)
 Metaspace       used 15642K, committed 16128K, reserved 278528K
  class space    used 2123K, committed 2368K, reserved 212992K
GC Heap History (4 events):
Event: 3.665 GC heap before
{Heap before GC invocations=0 (full 0):
 def new generation   total 78656K, used 69952K [0x00000000c0000000, 0x00000000c5550000, 0x00000000d5550000)
  eden space 69952K, 100% used [0x00000000c0000000, 0x00000000c4450000, 0x00000000c4450000)
  from space 8704K,   0% used [0x00000000c4450000, 0x00000000c4450000, 0x00000000c4cd0000)
  to   space 8704K,   0% used [0x00000000c4cd0000, 0x00000000c4cd0000, 0x00000000c5550000)
 tenured generation   total 174784K, used 0K [0x00000000d5550000, 0x00000000e0000000, 0x0000000100000000)
   the space 174784K,   0% used [0x00000000d5550000, 0x00000000d5550000, 0x00000000d5550200, 0x00000000e0000000)
 Metaspace       used 4607K, committed 4864K, reserved 278528K
  class space    used 582K, committed 704K, reserved 212992K
}
Event: 3.696 GC heap after
{Heap after GC invocations=1 (full 0):
 def new generation   total 78656K, used 8704K [0x00000000c0000000, 0x00000000c5550000, 0x00000000d5550000)
  eden space 69952K,   0% used [0x00000000c0000000, 0x00000000c0000000, 0x00000000c4450000)
  from space 8704K, 100% used [0x00000000c4cd0000, 0x00000000c5550000, 0x00000000c5550000)
  to   space 8704K,   0% used [0x00000000c4450000, 0x00000000c4450000, 0x00000000c4cd0000)
 tenured generation   total 174784K, used 1663K [0x00000000d5550000, 0x00000000e0000000, 0x0000000100000000)
   the space 174784K,   0% used [0x00000000d5550000, 0x00000000d56efe30, 0x00000000d56f0000, 0x00000000e0000000)
 Metaspace       used 4607K, committed 4864K, reserved 278528K
  class space    used 582K, committed 704K, reserved 212992K
}
Event: 6.250 GC heap before
{Heap before GC invocations=1 (full 0):
 def new generation   total 78656K, used 78656K [0x00000000c0000000, 0x00000000c5550000, 0x00000000d5550000)
  eden space 69952K, 100% used [0x00000000c0000000, 0x00000000c4450000, 0x00000000c4450000)
  from space 8704K, 100% used [0x00000000c4cd0000, 0x00000000c5550000, 0x00000000c5550000)
  to   space 8704K,   0% used [0x00000000c4450000, 0x00000000c4450000, 0x00000000c4cd0000)
 tenured generation   total 174784K, used 1663K [0x00000000d5550000, 0x00000000e0000000, 0x0000000100000000)
   the space 174784K,   0% used [0x00000000d5550000, 0x00000000d56efe30, 0x00000000d56f0000, 0x00000000e0000000)
 Metaspace       used 6128K, committed 6400K, reserved 278528K
  class space    used 808K, committed 896K, reserved 212992K
}
Event: 6.278 GC heap after
{Heap after GC invocations=2 (full 0):
 def new generation   total 78656K, used 6525K [0x00000000c0000000, 0x00000000c5550000, 0x00000000d5550000)
  eden space 69952K,   0% used [0x00000000c0000000, 0x00000000c0000000, 0x00000000c4450000)
  from space 8704K,  74% used [0x00000000c4450000, 0x00000000c4aaf528, 0x00000000c4cd0000)
  to   space 8704K,   0% used [0x00000000c4cd0000, 0x00000000c4cd0000, 0x00000000c5550000)
 tenured generation   total 174784K, used 10269K [0x00000000d5550000, 0x00000000e0000000, 0x0000000100000000)
   the space 174784K,   5% used [0x00000000d5550000, 0x00000000d5f57448, 0x00000000d5f57600, 0x00000000e0000000)
 Metaspace       used 6128K, committed 6400K, reserved 278528K
  class space    used 808K, committed 896K, reserved 212992K
}

